[Casing Test] Starting Casing Integration Tests...
[Casing Test] Cleared localStorage.
[Casing Test] Submitting registration form...
[Casing Test] Fetching registration OTP from backend...
[Casing Test] Submitting verification code...
[Casing Test] PASS: Retrieved 6-digit OTP code from backend: 232339
[Casing Test] PASS: Logged in as ScholarMode
[Casing Test] Logged out successfully.
[Casing Test] PASS: Found ScholarMode in local storage database
[Casing Test] Corrupted stored hash in database to UPPERCASE: 008C70392E3ABFBD0FA47BBC2ED96AA99BD49E159727FCBA0F2E6ABEB3A9D601
[Casing Test] Logging in as 'scholarmode' (lowercase 's' and 'm') with correct password...
[Casing Test] PASS: Auth overlay hidden (successful login)
[Casing Test] PASS: Successfully authenticated case-insensitively
[Casing Test] TEST_RESULT: SUCCESS
[Forgot Password Test] Starting Forgot Password Integration Tests...
[Forgot Password Test] Cleared localStorage.
[Forgot Password Test] Registering user ResetScholar...
[Forgot Password Test] Fetching signup OTP from backend...
[Forgot Password Test] PASS: Retrieved 6-digit Sign Up OTP from backend: 231632
[Forgot Password Test] Submitting verification code for Sign Up...
[Forgot Password Test] PASS: Successfully registered and logged in
[Forgot Password Test] Logging out...
[Forgot Password Test] Logged out successfully.
[Forgot Password Test] Clicking 'Forgot password?' link...
[Forgot Password Test] PASS: Forgot password form is now visible
[Forgot Password Test] PASS: Login form is hidden
[Forgot Password Test] Submitting password recovery request...
[Forgot Password Test] Fetching latest recovery OTP from backend...
[Forgot Password Test] PASS: Retrieved 6-digit recovery OTP from backend: 700646
[Forgot Password Test] PASS: Reset password panel is now visible
[Forgot Password Test] Submitting password reset form...
[Forgot Password Test] PASS: Auth overlay hidden (successful password reset and login)
[Forgot Password Test] PASS: Logged in as ResetScholar post-reset
[Forgot Password Test] Logging out again to test new credentials...
[Forgot Password Test] Attempting login with OLD password (should fail)...
[Forgot Password Test] PASS: Login with old password failed (auth overlay remains visible)
[Forgot Password Test] PASS: Login error message is displayed
[Forgot Password Test] Attempting login with NEW password (should succeed)...
[Forgot Password Test] PASS: Login with new password succeeded (auth overlay hidden)
[Forgot Password Test] TEST_RESULT: SUCCESS
